OxCal v4.4.4 Bronk Ramsey (2021); r:5
Atmospheric data from Reimer et al (2020)
Exp(0.02,-300,0)
Warning! Not calculating range
Warning! Not calculating range
Warning! Not calculating range
U(0)
  68.3% probability
    -0 (68.3%) 1
  95.4% probability
    -0 (95.4%) 1
FRAXSPE Outlier_Model()
Exp(0.01,-600,0)
Warning! Not calculating range - FRAXSPE
Warning! Not calculating range - FRAXSPE
Warning! Not calculating range - FRAXSPE
U(0)
  68.3% probability
    -0 (68.3%) 1
  95.4% probability
    -0 (95.4%) 1
FAGUSPE Outlier_Model()
Exp(0.007463,-200,0)
Warning! Not calculating range - FAGUSPE
Warning! Not calculating range - FAGUSPE
Warning! Not calculating range - FAGUSPE
U(0,1)
  68.3% probability
    0 (68.3%) 1
  95.4% probability
    0 (95.4%) 1
PINUSPE Outlier_Model()
IntCal20 Curve(/projects/racimolab/people/msb290/Domestication/OxCal/bin/intcal20.14c)
Atmospheric data from Reimer et al (2020)
B_Start BBT Boundary()
KIA-31090 R_Date(4555,45)
  68.3% probability
    3370BC (24.4%) 3323BC
    3234BC (23.7%) 3178BC
    3159BC (20.2%) 3106BC
  95.4% probability
    3491BC ( 4.1%) 3465BC
    3375BC (91.3%) 3098BC
KIA-31093 R_Date(4532,30)
  68.3% probability
    3358BC (18.5%) 3326BC
    3230BC (26.4%) 3181BC
    3156BC (23.4%) 3109BC
  95.4% probability
    3364BC (32.3%) 3265BC
    3244BC (63.2%) 3102BC
Hd-17311 R_Date(4510,57)
  68.3% probability
    3348BC (13.4%) 3307BC
    3300BC ( 5.4%) 3283BC
    3276BC ( 2.8%) 3266BC
    3242BC (46.7%) 3103BC
  95.4% probability
    3371BC (95.4%) 3016BC
KIA-29266 R_Date(4493,30)
  68.3% probability
    3333BC (20.5%) 3282BC
    3278BC ( 4.7%) 3266BC
    3243BC (12.3%) 3214BC
    3190BC (17.0%) 3148BC
    3137BC (13.8%) 3103BC
  95.4% probability
    3350BC (94.2%) 3092BC
    3051BC ( 1.3%) 3040BC
KIA-31091 R_Date(4475,25)
  68.3% probability
    3328BC (49.4%) 3221BC
    3184BC (12.6%) 3154BC
    3111BC ( 6.3%) 3096BC
  95.4% probability
    3338BC (54.3%) 3208BC
    3196BC (35.6%) 3086BC
    3058BC ( 5.6%) 3030BC
KIA-29268 R_Date(4465,25)
  68.3% probability
    3326BC (44.4%) 3231BC
    3181BC ( 9.7%) 3156BC
    3109BC ( 7.8%) 3090BC
    3054BC ( 6.3%) 3035BC
  95.4% probability
    3336BC (51.6%) 3212BC
    3193BC (33.0%) 3075BC
    3066BC (10.9%) 3026BC
KIA-31092 R_Date(4465,25)
  68.3% probability
    3326BC (44.4%) 3231BC
    3181BC ( 9.7%) 3156BC
    3109BC ( 7.8%) 3090BC
    3054BC ( 6.3%) 3035BC
  95.4% probability
    3336BC (51.6%) 3212BC
    3193BC (33.0%) 3075BC
    3066BC (10.9%) 3026BC
Hd-21149 R_Date(4453,34)
  68.3% probability
    3324BC (34.5%) 3232BC
    3180BC ( 6.9%) 3158BC
    3108BC (11.9%) 3076BC
    3065BC (15.0%) 3026BC
  95.4% probability
    3338BC (42.2%) 3208BC
    3196BC (51.3%) 3010BC
    2978BC ( 1.0%) 2966BC
    2948BC ( 0.9%) 2936BC
Hd-21146 R_Date(4449,29)
  68.3% probability
    3320BC (32.6%) 3238BC
    3174BC ( 4.1%) 3162BC
    3105BC (13.1%) 3074BC
    3066BC (18.4%) 3026BC
  95.4% probability
    3335BC (40.8%) 3212BC
    3192BC (53.1%) 3010BC
    2977BC ( 0.8%) 2966BC
    2946BC ( 0.7%) 2937BC
Hd-21161 R_Date(4420,28)
  68.3% probability
    3098BC (55.4%) 3010BC
    2981BC ( 7.2%) 2961BC
    2951BC ( 5.7%) 2935BC
  95.4% probability
    3320BC (13.5%) 3237BC
    3175BC ( 1.4%) 3160BC
    3106BC (80.5%) 2921BC
KIA-28904 R_Date(4407,35)
  68.3% probability
    3092BC (23.4%) 3049BC
    3042BC (18.0%) 3008BC
    2986BC (26.9%) 2931BC
  95.4% probability
    3320BC (10.3%) 3238BC
    3174BC ( 1.1%) 3161BC
    3106BC (84.1%) 2913BC
KIA-29267 R_Date(4369,25)
  68.3% probability
    3012BC (68.3%) 2922BC
  95.4% probability
    3082BC ( 5.8%) 3061BC
    3028BC (89.6%) 2910BC
BBT 
 BBT = ( Phase BBT
BBT Phase()
) Phase BBT
B_End BBT Boundary()
( Sequence 
Sequence()
) Sequence 
i : Using logs - function probability low
Warning! ZERO distribution - B_End BBT
Warning! ZERO distribution - B_End BBT
Warning! ZERO distribution - B_End BBT
Warning! ZERO distribution - B_End BBT
Warning! ZERO distribution
Warning! ZERO distribution
Warning! ZERO distribution
Warning! ZERO distribution
Warning! ZERO distribution
Warning! ZERO distribution
Warning! ZERO distribution
Warning! ZERO distribution
Warning! ZERO distribution
Warning! ZERO distribution
Warning! ZERO distribution
Warning! ZERO distribution
Warning! ZERO distribution
Warning! ZERO distribution
Warning! ZERO distribution
Warning! ZERO distribution
Warning! ZERO distribution
Warning! ZERO distribution
Warning! ZERO distribution
Warning! ZERO distribution
Warning! ZERO distribution
Warning! ZERO distribution
Warning! ZERO distribution
Warning! ZERO distribution
Warning! ZERO distribution
Warning! ZERO distribution
Warning! ZERO distribution
Warning! ZERO distribution
Warning! ZERO distribution
Warning! ZERO distribution
Warning! ZERO distribution
Warning! ZERO distribution
Warning! ZERO distribution
Warning! ZERO distribution
Warning! ZERO distribution
Warning! ZERO distribution
Warning! ZERO distribution
Warning! ZERO distribution
Warning! ZERO distribution
Warning! ZERO distribution
Warning! ZERO distribution
Warning! ZERO distribution
Warning! ZERO distribution
Warning! ZERO distribution
Warning! ZERO distribution
Warning! ZERO distribution
Warning! ZERO distribution
Warning! ZERO distribution
Warning! ZERO distribution
Warning! ZERO distribution
Warning! ZERO distribution
Warning! ZERO distribution
Warning! ZERO distribution
Warning! ZERO distribution
Warning! ZERO distribution
Warning! ZERO distribution
Posterior 
( MCMC(30000)
Overall agreement  85.8%
Dynamic agreement  87.2%
FRAXSPE Posterior 
Posterior 
Posterior 
  68.3% probability
    -0 (68.3%) 1
  95.4% probability
    -0 (95.4%) 1
 Agreement 100.0%
FAGUSPE Posterior 
Posterior 
Posterior 
  68.3% probability
    -0 (68.3%) 1
  95.4% probability
    -0 (95.4%) 1
 Agreement 100.0%
PINUSPE Posterior 
  68.3% probability
    -15 (68.3%) 2
  95.4% probability
    -23 (95.4%) 2
Posterior 
Posterior 
  68.3% probability
    0 ( 0.7%) 0
    0 ( 1.2%) 0
    0 ( 4.1%) 0
    0 (62.3%) 1
  95.4% probability
    0 (95.4%) 1
 Agreement 100.0%
B_Start BBT Posterior 
  68.3% probability
    3358BC (45.6%) 3248BC
    3198BC (12.6%) 3160BC
    3146BC (10.0%) 3115BC
  95.4% probability
    3402BC (95.4%) 3098BC
KIA-31090 Posterior 
  68.3% probability
    3211BC (20.5%) 3170BC
    3156BC (47.8%) 3090BC
  95.4% probability
    3350BC ( 5.2%) 3307BC
    3298BC (90.2%) 3079BC
 Agreement  93.3%
KIA-31093 Posterior 
  68.3% probability
    3210BC (19.9%) 3173BC
    3154BC (48.4%) 3092BC
  95.4% probability
    3344BC ( 4.5%) 3308BC
    3292BC ( 5.0%) 3252BC
    3244BC (85.9%) 3082BC
 Agreement  97.0%
Hd-17311 Posterior 
  68.3% probability
    3228BC (68.3%) 3074BC
  95.4% probability
    3318BC (95.4%) 3019BC
 Agreement 101.9%
KIA-29266 Posterior 
  68.3% probability
    3240BC ( 8.2%) 3214BC
    3192BC (60.1%) 3090BC
  95.4% probability
    3322BC (91.5%) 3081BC
    3058BC ( 4.0%) 3034BC
 Agreement  97.4%
KIA-31091 Posterior 
  68.3% probability
    3268BC (15.0%) 3220BC
    3179BC (53.3%) 3076BC
  95.4% probability
    3316BC (29.9%) 3199BC
    3191BC (58.2%) 3067BC
    3056BC ( 7.4%) 3022BC
 Agreement  93.0%
KIA-29268 Posterior 
  68.3% probability
    3269BC (11.5%) 3236BC
    3182BC (12.8%) 3152BC
    3132BC (31.8%) 3078BC
    3060BC (12.2%) 3032BC
  95.4% probability
    3317BC (26.6%) 3214BC
    3191BC (68.8%) 3026BC
 Agreement  92.5%
KIA-31092 Posterior 
  68.3% probability
    3270BC (11.5%) 3236BC
    3183BC (13.0%) 3152BC
    3132BC (31.4%) 3078BC
    3061BC (12.3%) 3032BC
  95.4% probability
    3318BC (26.6%) 3214BC
    3191BC (68.8%) 3026BC
 Agreement  92.5%
Hd-21149 Posterior 
  68.3% probability
    3261BC ( 8.7%) 3233BC
    3172BC ( 8.6%) 3146BC
    3121BC (51.0%) 3020BC
  95.4% probability
    3314BC (24.3%) 3202BC
    3188BC (71.2%) 3006BC
 Agreement 102.2%
Hd-21146 Posterior 
  68.3% probability
    3261BC ( 8.9%) 3235BC
    3169BC ( 6.1%) 3151BC
    3110BC (53.3%) 3018BC
  95.4% probability
    3312BC (23.3%) 3210BC
    3182BC (72.1%) 3006BC
 Agreement 103.4%
Hd-21161 Posterior 
  68.3% probability
    3096BC (68.3%) 3011BC
  95.4% probability
    3306BC (11.4%) 3224BC
    3173BC ( 2.6%) 3147BC
    3109BC (81.5%) 2939BC
 Agreement 111.8%
KIA-28904 Posterior 
  68.3% probability
    3096BC (68.3%) 3002BC
  95.4% probability
    3302BC (10.1%) 3224BC
    3173BC ( 2.7%) 3146BC
    3112BC (82.7%) 2929BC
 Agreement 100.0%
KIA-29267 Posterior 
  68.3% probability
    3091BC (38.0%) 3058BC
    3026BC (30.3%) 2988BC
  95.4% probability
    3258BC ( 0.8%) 3254BC
    3098BC (94.7%) 2933BC
 Agreement  65.3%
BBT Posterior 
  68.3% probability
    3204BC (68.3%) 3014BC
  95.4% probability
    3331BC (95.4%) 2951BC
B_End BBT Posterior 
  68.3% probability
    3070BC (68.3%) 2952BC
  95.4% probability
    3249BC ( 0.8%) 3236BC
    3092BC (94.7%) 2856BC
) MCMC(960000)
