OxCal v4.4.4 Bronk Ramsey (2021); r:5
Atmospheric data from Reimer et al (2020)
Exp(0.005,-120,0)
Warning! Not calculating range
Warning! Not calculating range
Warning! Not calculating range
U(0,1)
  68.3% probability
    0 (68.3%) 1
  95.4% probability
    0 (95.4%) 1
ABIESPE Outlier_Model()
Exp(0.02,-300,0)
Warning! Not calculating range - ABIESPE
Warning! Not calculating range - ABIESPE
Warning! Not calculating range - ABIESPE
U(0)
  68.3% probability
    -0 (68.3%) 1
  95.4% probability
    -0 (95.4%) 1
FRAXSPE Outlier_Model()
Exp(0.002994,-200,0)
Warning! Not calculating range - FRAXSPE
Warning! Not calculating range - FRAXSPE
Warning! Not calculating range - FRAXSPE
U(0,1)
  68.3% probability
    0 (68.3%) 1
  95.4% probability
    0 (95.4%) 1
QUERSPE Outlier_Model()
Exp(0.05,-120,0)
Warning! Not calculating range - QUERSPE
Warning! Not calculating range - QUERSPE
Warning! Not calculating range - QUERSPE
U(0)
  68.3% probability
    -0 (68.3%) 1
  95.4% probability
    -0 (95.4%) 1
ALNUSPE Outlier_Model()
IntCal20 Curve(/projects/racimolab/people/msb290/Domestication/OxCal/bin/intcal20.14c)
Atmospheric data from Reimer et al (2020)
B_Start TY Boundary()
H-61/149 R_Date(5222,130)
  68.3% probability
    4243BC (65.6%) 3945BC
    3853BC ( 0.7%) 3848BC
    3832BC ( 1.9%) 3820BC
  95.4% probability
    4338BC (94.9%) 3765BC
    3726BC ( 0.5%) 3714BC
KN-I.597 R_Date(5030,45)
  68.3% probability
    3944BC (42.1%) 3856BC
    3818BC (23.1%) 3766BC
    3724BC ( 3.2%) 3715BC
  95.4% probability
    3952BC (94.5%) 3708BC
    3668BC ( 1.0%) 3662BC
LJ-1265 R_Date(4982,40)
  68.3% probability
    3796BC (58.6%) 3704BC
    3676BC ( 9.7%) 3657BC
  95.4% probability
    3940BC (15.8%) 3870BC
    3810BC (79.7%) 3649BC
LJ-1279 R_Date(4938,40)
  68.3% probability
    3762BC (15.9%) 3738BC
    3713BC (52.3%) 3650BC
  95.4% probability
    3796BC (95.4%) 3640BC
K-540 R_Date(4910,100)
  68.3% probability
    3906BC ( 5.2%) 3878BC
    3802BC (57.9%) 3626BC
    3560BC ( 5.2%) 3534BC
  95.4% probability
    3956BC (95.0%) 3516BC
    3418BC ( 0.2%) 3416BC
    3392BC ( 0.3%) 3386BC
B-45 R_Date(4780,150)
  68.3% probability
    3708BC ( 5.9%) 3668BC
    3661BC (62.4%) 3368BC
  95.4% probability
    3948BC (89.2%) 3314BC
    3296BC ( 0.3%) 3286BC
    3240BC ( 5.9%) 3104BC
K-539 R_Date(4750,100)
  68.3% probability
    3636BC (49.3%) 3496BC
    3437BC (19.0%) 3378BC
  95.4% probability
    3768BC (95.1%) 3338BC
    3208BC ( 0.3%) 3196BC
B-44 R_Date(4690,200)
  68.3% probability
    3652BC (51.1%) 3307BC
    3300BC ( 1.6%) 3283BC
    3276BC ( 0.9%) 3266BC
    3242BC (14.7%) 3102BC
  95.4% probability
    3942BC ( 2.8%) 3864BC
    3811BC (92.7%) 2912BC
B-43 R_Date(4690,150)
  68.3% probability
    3646BC (62.2%) 3331BC
    3216BC ( 3.3%) 3188BC
    3152BC ( 2.7%) 3126BC
  95.4% probability
    3786BC (95.3%) 3011BC
    2974BC ( 0.1%) 2970BC
TY 
 TY = ( Phase TY
TY Phase()
) Phase TY
B_End TY Boundary()
( Sequence 
Sequence()
) Sequence 
i : Using logs - function probability low
Warning! ZERO distribution - B_End TY
Warning! ZERO distribution - B_End TY
Warning! ZERO distribution - B_End TY
Warning! ZERO distribution - B_End TY
Warning! ZERO distribution - B_End TY
Warning! ZERO distribution - B_End TY
Warning! ZERO distribution - B_End TY
Warning! ZERO distribution
Warning! ZERO distribution
Warning! ZERO distribution
Warning! ZERO distribution
Warning! ZERO distribution
Warning! ZERO distribution
Warning! ZERO distribution
Warning! ZERO distribution
Warning! ZERO distribution
Warning! ZERO distribution
Warning! ZERO distribution
Warning! ZERO distribution
Warning! ZERO distribution
Warning! ZERO distribution
Warning! ZERO distribution
Warning! ZERO distribution
Warning! ZERO distribution
Warning! ZERO distribution
Warning! ZERO distribution
Warning! ZERO distribution
Warning! ZERO distribution
Warning! ZERO distribution
Warning! ZERO distribution
Warning! ZERO distribution
Warning! ZERO distribution
Warning! ZERO distribution
Warning! ZERO distribution
Warning! ZERO distribution
Warning! ZERO distribution
Warning! ZERO distribution
Warning! ZERO distribution
Warning! ZERO distribution
Warning! ZERO distribution
Warning! ZERO distribution
Warning! ZERO distribution
Warning! ZERO distribution
Warning! ZERO distribution
Warning! ZERO distribution
Warning! ZERO distribution
Warning! ZERO distribution
Warning! ZERO distribution
Warning! ZERO distribution
Warning! ZERO distribution
Warning! ZERO distribution
Warning! ZERO distribution
Warning! ZERO distribution
Warning! ZERO distribution
Warning! ZERO distribution
Warning! ZERO distribution
Warning! ZERO distribution
Warning! ZERO distribution
Warning! ZERO distribution
Warning! ZERO distribution
Warning! ZERO distribution
Warning! ZERO distribution
Warning! ZERO distribution
Warning! ZERO distribution
Warning! ZERO distribution
Warning! ZERO distribution
Warning! ZERO distribution
Warning! ZERO distribution
Warning! ZERO distribution
Warning! ZERO distribution
Warning! ZERO distribution
Warning! ZERO distribution
Warning! ZERO distribution
Warning! ZERO distribution
Warning! ZERO distribution
Warning! ZERO distribution
Warning! ZERO distribution
Warning! ZERO distribution
Warning! ZERO distribution
Warning! ZERO distribution
Warning! ZERO distribution
Warning! ZERO distribution
Warning! ZERO distribution
Warning! ZERO distribution
Warning! ZERO distribution
Warning! ZERO distribution
Warning! ZERO distribution
Warning! ZERO distribution
Warning! ZERO distribution
Warning! ZERO distribution
Warning! ZERO distribution
Warning! ZERO distribution
Warning! ZERO distribution
Warning! ZERO distribution
Warning! ZERO distribution
Warning! ZERO distribution
Warning! ZERO distribution
Warning! ZERO distribution
Warning! ZERO distribution
Warning! ZERO distribution
Warning! ZERO distribution
Warning! ZERO distribution
Posterior 
( MCMC(30000)
Overall agreement  69.2%
Dynamic agreement  80.0%
ABIESPE Posterior 
Posterior 
Posterior 
  68.3% probability
    0 ( 6.4%) 0
    0 ( 3.7%) 0
    0 ( 1.6%) 0
    0 ( 1.8%) 0
    0 ( 4.1%) 0
    0 ( 2.7%) 0
    0 ( 9.8%) 0
    0 ( 2.4%) 0
    0 ( 4.0%) 1
    1 ( 0.9%) 1
    1 ( 5.8%) 1
    1 ( 3.9%) 1
    1 (18.5%) 1
    1 ( 2.7%) 1
  95.4% probability
    0 (95.4%) 1
 Agreement 100.0%
FRAXSPE Posterior 
Posterior 
Posterior 
  68.3% probability
    -0 (68.3%) 1
  95.4% probability
    -0 (95.4%) 1
 Agreement 100.0%
QUERSPE Posterior 
Posterior 
Posterior 
  68.3% probability
    0 ( 3.0%) 0
    0 (14.3%) 0
    0 ( 6.6%) 0
    0 ( 3.1%) 0
    0 (18.0%) 1
    1 ( 1.2%) 1
    1 ( 6.8%) 1
    1 ( 3.4%) 1
    1 ( 8.7%) 1
    1 ( 3.1%) 1
  95.4% probability
    0 (95.4%) 1
 Agreement 100.0%
ALNUSPE Posterior 
  68.3% probability
    -6 (68.3%) -0
  95.4% probability
    -8 (95.4%) 4
Posterior 
Posterior 
  68.3% probability
    -0 (68.3%) 1
  95.4% probability
    -0 (95.4%) 1
 Agreement 100.0%
B_Start TY Posterior 
  68.3% probability
    3900BC (68.3%) 3713BC
  95.4% probability
    4066BC (95.4%) 3660BC
H-61/149 Posterior 
  68.3% probability
    3825BC (58.5%) 3700BC
    3678BC ( 9.7%) 3656BC
  95.4% probability
    3980BC (95.4%) 3640BC
Warning! Poor agreement - A= 42.1%(A'c= 60.0%)
 Poor agreement  42.1%
KN-I.597 Posterior 
  68.3% probability
    3803BC (61.9%) 3704BC
    3670BC ( 6.4%) 3658BC
  95.4% probability
    3906BC (95.4%) 3652BC
 Agreement  80.0%
LJ-1265 Posterior 
  68.3% probability
    3776BC (55.3%) 3702BC
    3676BC (12.9%) 3656BC
  95.4% probability
    3895BC ( 1.6%) 3878BC
    3806BC (93.8%) 3646BC
 Agreement 109.3%
LJ-1279 Posterior 
  68.3% probability
    3756BC (14.2%) 3736BC
    3714BC (54.0%) 3650BC
  95.4% probability
    3780BC (95.4%) 3642BC
 Agreement 103.6%
K-540 Posterior 
  68.3% probability
    3766BC (68.3%) 3640BC
  95.4% probability
    3897BC ( 1.4%) 3872BC
    3836BC (94.0%) 3526BC
 Agreement 121.1%
B-45 Posterior 
  68.3% probability
    3766BC (68.3%) 3593BC
  95.4% probability
    3826BC (95.4%) 3406BC
 Agreement 100.7%
K-539 Posterior 
  68.3% probability
    3756BC ( 6.0%) 3734BC
    3711BC (17.1%) 3668BC
    3656BC (45.1%) 3556BC
  95.4% probability
    3786BC (93.4%) 3478BC
    3470BC ( 1.7%) 3441BC
    3430BC ( 0.3%) 3424BC
 Agreement  77.9%
B-44 Posterior 
  68.3% probability
    3768BC (68.3%) 3585BC
  95.4% probability
    3886BC ( 0.2%) 3878BC
    3844BC (95.2%) 3396BC
 Agreement  90.6%
B-43 Posterior 
  68.3% probability
    3758BC (68.3%) 3576BC
  95.4% probability
    3800BC (95.4%) 3406BC
 Agreement  80.8%
TY Posterior 
  68.3% probability
    3792BC (68.3%) 3602BC
  95.4% probability
    3945BC (95.4%) 3426BC
B_End TY Posterior 
  68.3% probability
    3703BC (68.3%) 3476BC
  95.4% probability
    3763BC (95.4%) 3298BC
) MCMC(3840000)
